[debug] [2024-09-30T03:46:18.711Z] ----------------------------------------------------------------------
[debug] [2024-09-30T03:46:18.713Z] Command:       C:\Program Files\nodejs\node.exe C:\Users\patri\AppData\Roaming\npm\node_modules\firebase-tools\lib\bin\firebase.js init
[debug] [2024-09-30T03:46:18.713Z] CLI Version:   13.20.1
[debug] [2024-09-30T03:46:18.713Z] Platform:      win32
[debug] [2024-09-30T03:46:18.713Z] Node Version:  v20.16.0
[debug] [2024-09-30T03:46:18.713Z] Time:          Mon Sep 30 2024 00:46:18 GMT-0300 (Horário Padrão de Brasília)
[debug] [2024-09-30T03:46:18.713Z] ----------------------------------------------------------------------
[debug] 
[debug] [2024-09-30T03:46:18.718Z] > command requires scopes: ["email","openid","https://www.googleapis.com/auth/cloudplatformprojects.readonly","https://www.googleapis.com/auth/firebase","https://www.googleapis.com/auth/cloud-platform"]
[debug] [2024-09-30T03:46:18.718Z] > authorizing via signed-in user (patrickstegaribe@gmail.com)
[info] 
     ######## #### ########  ######## ########     ###     ######  ########
     ##        ##  ##     ## ##       ##     ##  ##   ##  ##       ##
     ######    ##  ########  ######   ########  #########  ######  ######
     ##        ##  ##    ##  ##       ##     ## ##     ##       ## ##
     ##       #### ##     ## ######## ########  ##     ##  ######  ########

You're about to initialize a Firebase project in this directory:

  C:\Users\patri\OneDrive\Documentos\GitHub\RFID-arduino\frontend\rfid-access-manager

[info] 
=== Project Setup
[info] 
[info] First, let's associate this project directory with a Firebase project.
[info] You can create multiple project aliases by running firebase use --add, 
[info] but for now we'll just set up a default project.
[info] 
[debug] [2024-09-30T03:46:34.699Z] Checked if tokens are valid: false, expires at: 1727145493591
[debug] [2024-09-30T03:46:34.700Z] Checked if tokens are valid: false, expires at: 1727145493591
[debug] [2024-09-30T03:46:34.700Z] > refreshing access token with scopes: []
[debug] [2024-09-30T03:46:34.701Z] >>> [apiv2][query] POST https://www.googleapis.com/oauth2/v3/token [none]
[debug] [2024-09-30T03:46:34.701Z] >>> [apiv2][body] POST https://www.googleapis.com/oauth2/v3/token [omitted]
[debug] [2024-09-30T03:46:34.923Z] <<< [apiv2][status] POST https://www.googleapis.com/oauth2/v3/token 200
[debug] [2024-09-30T03:46:34.923Z] <<< [apiv2][body] POST https://www.googleapis.com/oauth2/v3/token [omitted]
[debug] [2024-09-30T03:46:34.931Z] >>> [apiv2][query] GET https://firebase.googleapis.com/v1beta1/projects pageSize=100
[debug] [2024-09-30T03:46:35.635Z] <<< [apiv2][status] GET https://firebase.googleapis.com/v1beta1/projects 200
[debug] [2024-09-30T03:46:35.635Z] <<< [apiv2][body] GET https://firebase.googleapis.com/v1beta1/projects [omitted]
[info] i  Using project gerenciador-c4f96 (gerenciador) 
[info] 
=== Hosting Setup
[debug] [2024-09-30T03:47:49.619Z] Checked if tokens are valid: true, expires at: 1727671593923
[debug] [2024-09-30T03:47:49.619Z] Checked if tokens are valid: true, expires at: 1727671593923
[debug] [2024-09-30T03:47:49.619Z] >>> [apiv2][query] GET https://firebase.googleapis.com/v1beta1/projects/gerenciador-c4f96 [none]
[debug] [2024-09-30T03:47:50.016Z] <<< [apiv2][status] GET https://firebase.googleapis.com/v1beta1/projects/gerenciador-c4f96 200
[debug] [2024-09-30T03:47:50.016Z] <<< [apiv2][body] GET https://firebase.googleapis.com/v1beta1/projects/gerenciador-c4f96 {"projectId":"gerenciador-c4f96","projectNumber":"746854787270","displayName":"gerenciador","name":"projects/gerenciador-c4f96","resources":{"hostingSite":"gerenciador-c4f96"},"state":"ACTIVE","etag":"1_5d532781-9348-4fc1-ad49-179f21965acc"}
[info] 
[info] Your public directory is the folder (relative to your project directory) that
[info] will contain Hosting assets to be uploaded with firebase deploy. If you
[info] have a build process for your assets, use your build's output directory.
[info] 
[debug] [2024-09-30T03:48:31.932Z] ----------------------------------------------------------------------
[debug] [2024-09-30T03:48:31.934Z] Command:       C:\Program Files\nodejs\node.exe C:\Users\patri\AppData\Roaming\npm\node_modules\firebase-tools\lib\bin\firebase.js init
[debug] [2024-09-30T03:48:31.934Z] CLI Version:   13.20.1
[debug] [2024-09-30T03:48:31.934Z] Platform:      win32
[debug] [2024-09-30T03:48:31.934Z] Node Version:  v20.16.0
[debug] [2024-09-30T03:48:31.934Z] Time:          Mon Sep 30 2024 00:48:31 GMT-0300 (Horário Padrão de Brasília)
[debug] [2024-09-30T03:48:31.934Z] ----------------------------------------------------------------------
[debug] 
[debug] [2024-09-30T03:48:31.939Z] > command requires scopes: ["email","openid","https://www.googleapis.com/auth/cloudplatformprojects.readonly","https://www.googleapis.com/auth/firebase","https://www.googleapis.com/auth/cloud-platform"]
[debug] [2024-09-30T03:48:31.940Z] > authorizing via signed-in user (patrickstegaribe@gmail.com)
[info] 
     ######## #### ########  ######## ########     ###     ######  ########
     ##        ##  ##     ## ##       ##     ##  ##   ##  ##       ##
     ######    ##  ########  ######   ########  #########  ######  ######
     ##        ##  ##    ##  ##       ##     ## ##     ##       ## ##
     ##       #### ##     ## ######## ########  ##     ##  ######  ########

You're about to initialize a Firebase project in this directory:

  C:\Users\patri\OneDrive\Documentos\GitHub\RFID-arduino\frontend\rfid-access-manager

[info] 
=== Project Setup
[info] 
[info] First, let's associate this project directory with a Firebase project.
[info] You can create multiple project aliases by running firebase use --add, 
[info] but for now we'll just set up a default project.
[info] 
[debug] [2024-09-30T03:48:44.741Z] Checked if tokens are valid: true, expires at: 1727671593923
[debug] [2024-09-30T03:48:44.741Z] Checked if tokens are valid: true, expires at: 1727671593923
[debug] [2024-09-30T03:48:44.744Z] >>> [apiv2][query] GET https://firebase.googleapis.com/v1beta1/projects pageSize=100
[debug] [2024-09-30T03:48:45.454Z] <<< [apiv2][status] GET https://firebase.googleapis.com/v1beta1/projects 200
[debug] [2024-09-30T03:48:45.454Z] <<< [apiv2][body] GET https://firebase.googleapis.com/v1beta1/projects [omitted]
